ARM GAS  C:\Users\Robert\AppData\Local\Temp\cctXiKkb.s 			page 1


   1              		.cpu cortex-m4
   2              		.eabi_attribute 27, 1
   3              		.eabi_attribute 28, 1
   4              		.eabi_attribute 20, 1
   5              		.eabi_attribute 21, 1
   6              		.eabi_attribute 23, 3
   7              		.eabi_attribute 24, 1
   8              		.eabi_attribute 25, 1
   9              		.eabi_attribute 26, 1
  10              		.eabi_attribute 30, 6
  11              		.eabi_attribute 34, 1
  12              		.eabi_attribute 18, 4
  13              		.file	"stm32f4xx_hal_msp.c"
  14              		.text
  15              	.Ltext0:
  16              		.cfi_sections	.debug_frame
  17              		.section	.text.HAL_MspInit,"ax",%progbits
  18              		.align	1
  19              		.global	HAL_MspInit
  20              		.arch armv7e-m
  21              		.syntax unified
  22              		.thumb
  23              		.thumb_func
  24              		.fpu fpv4-sp-d16
  26              	HAL_MspInit:
  27              	.LFB130:
  28              		.file 1 "Src/stm32f4xx_hal_msp.c"
   1:Src/stm32f4xx_hal_msp.c **** /* USER CODE BEGIN Header */
   2:Src/stm32f4xx_hal_msp.c **** /**
   3:Src/stm32f4xx_hal_msp.c ****   ******************************************************************************
   4:Src/stm32f4xx_hal_msp.c ****   * File Name          : stm32f4xx_hal_msp.c
   5:Src/stm32f4xx_hal_msp.c ****   * Description        : This file provides code for the MSP Initialization 
   6:Src/stm32f4xx_hal_msp.c ****   *                      and de-Initialization codes.
   7:Src/stm32f4xx_hal_msp.c ****   ******************************************************************************
   8:Src/stm32f4xx_hal_msp.c ****   * @attention
   9:Src/stm32f4xx_hal_msp.c ****   *
  10:Src/stm32f4xx_hal_msp.c ****   * <h2><center>&copy; Copyright (c) 2020 STMicroelectronics.
  11:Src/stm32f4xx_hal_msp.c ****   * All rights reserved.</center></h2>
  12:Src/stm32f4xx_hal_msp.c ****   *
  13:Src/stm32f4xx_hal_msp.c ****   * This software component is licensed by ST under BSD 3-Clause license,
  14:Src/stm32f4xx_hal_msp.c ****   * the "License"; You may not use this file except in compliance with the
  15:Src/stm32f4xx_hal_msp.c ****   * License. You may obtain a copy of the License at:
  16:Src/stm32f4xx_hal_msp.c ****   *                        opensource.org/licenses/BSD-3-Clause
  17:Src/stm32f4xx_hal_msp.c ****   *
  18:Src/stm32f4xx_hal_msp.c ****   ******************************************************************************
  19:Src/stm32f4xx_hal_msp.c ****   */
  20:Src/stm32f4xx_hal_msp.c **** /* USER CODE END Header */
  21:Src/stm32f4xx_hal_msp.c **** 
  22:Src/stm32f4xx_hal_msp.c **** /* Includes ------------------------------------------------------------------*/
  23:Src/stm32f4xx_hal_msp.c **** #include "main.h"
  24:Src/stm32f4xx_hal_msp.c **** /* USER CODE BEGIN Includes */
  25:Src/stm32f4xx_hal_msp.c **** 
  26:Src/stm32f4xx_hal_msp.c **** /* USER CODE END Includes */
  27:Src/stm32f4xx_hal_msp.c **** extern DMA_HandleTypeDef hdma_usart1_tx;
  28:Src/stm32f4xx_hal_msp.c **** 
  29:Src/stm32f4xx_hal_msp.c **** extern DMA_HandleTypeDef hdma_usart1_rx;
  30:Src/stm32f4xx_hal_msp.c **** 
ARM GAS  C:\Users\Robert\AppData\Local\Temp\cctXiKkb.s 			page 2


  31:Src/stm32f4xx_hal_msp.c **** /* Private typedef -----------------------------------------------------------*/
  32:Src/stm32f4xx_hal_msp.c **** /* USER CODE BEGIN TD */
  33:Src/stm32f4xx_hal_msp.c **** 
  34:Src/stm32f4xx_hal_msp.c **** /* USER CODE END TD */
  35:Src/stm32f4xx_hal_msp.c **** 
  36:Src/stm32f4xx_hal_msp.c **** /* Private define ------------------------------------------------------------*/
  37:Src/stm32f4xx_hal_msp.c **** /* USER CODE BEGIN Define */
  38:Src/stm32f4xx_hal_msp.c ****  
  39:Src/stm32f4xx_hal_msp.c **** /* USER CODE END Define */
  40:Src/stm32f4xx_hal_msp.c **** 
  41:Src/stm32f4xx_hal_msp.c **** /* Private macro -------------------------------------------------------------*/
  42:Src/stm32f4xx_hal_msp.c **** /* USER CODE BEGIN Macro */
  43:Src/stm32f4xx_hal_msp.c **** 
  44:Src/stm32f4xx_hal_msp.c **** /* USER CODE END Macro */
  45:Src/stm32f4xx_hal_msp.c **** 
  46:Src/stm32f4xx_hal_msp.c **** /* Private variables ---------------------------------------------------------*/
  47:Src/stm32f4xx_hal_msp.c **** /* USER CODE BEGIN PV */
  48:Src/stm32f4xx_hal_msp.c **** 
  49:Src/stm32f4xx_hal_msp.c **** /* USER CODE END PV */
  50:Src/stm32f4xx_hal_msp.c **** 
  51:Src/stm32f4xx_hal_msp.c **** /* Private function prototypes -----------------------------------------------*/
  52:Src/stm32f4xx_hal_msp.c **** /* USER CODE BEGIN PFP */
  53:Src/stm32f4xx_hal_msp.c **** 
  54:Src/stm32f4xx_hal_msp.c **** /* USER CODE END PFP */
  55:Src/stm32f4xx_hal_msp.c **** 
  56:Src/stm32f4xx_hal_msp.c **** /* External functions --------------------------------------------------------*/
  57:Src/stm32f4xx_hal_msp.c **** /* USER CODE BEGIN ExternalFunctions */
  58:Src/stm32f4xx_hal_msp.c **** 
  59:Src/stm32f4xx_hal_msp.c **** /* USER CODE END ExternalFunctions */
  60:Src/stm32f4xx_hal_msp.c **** 
  61:Src/stm32f4xx_hal_msp.c **** /* USER CODE BEGIN 0 */
  62:Src/stm32f4xx_hal_msp.c **** 
  63:Src/stm32f4xx_hal_msp.c **** /* USER CODE END 0 */
  64:Src/stm32f4xx_hal_msp.c **** /**
  65:Src/stm32f4xx_hal_msp.c ****   * Initializes the Global MSP.
  66:Src/stm32f4xx_hal_msp.c ****   */
  67:Src/stm32f4xx_hal_msp.c **** void HAL_MspInit(void)
  68:Src/stm32f4xx_hal_msp.c **** {
  29              		.loc 1 68 1
  30              		.cfi_startproc
  31              		@ args = 0, pretend = 0, frame = 8
  32              		@ frame_needed = 1, uses_anonymous_args = 0
  33              		@ link register save eliminated.
  34 0000 80B4     		push	{r7}
  35              	.LCFI0:
  36              		.cfi_def_cfa_offset 4
  37              		.cfi_offset 7, -4
  38 0002 83B0     		sub	sp, sp, #12
  39              	.LCFI1:
  40              		.cfi_def_cfa_offset 16
  41 0004 00AF     		add	r7, sp, #0
  42              	.LCFI2:
  43              		.cfi_def_cfa_register 7
  44              	.LBB2:
  69:Src/stm32f4xx_hal_msp.c ****   /* USER CODE BEGIN MspInit 0 */
  70:Src/stm32f4xx_hal_msp.c **** 
  71:Src/stm32f4xx_hal_msp.c ****   /* USER CODE END MspInit 0 */
ARM GAS  C:\Users\Robert\AppData\Local\Temp\cctXiKkb.s 			page 3


  72:Src/stm32f4xx_hal_msp.c **** 
  73:Src/stm32f4xx_hal_msp.c ****   __HAL_RCC_SYSCFG_CLK_ENABLE();
  45              		.loc 1 73 3
  46 0006 0023     		movs	r3, #0
  47 0008 7B60     		str	r3, [r7, #4]
  48 000a 104B     		ldr	r3, .L2
  49 000c 5B6C     		ldr	r3, [r3, #68]
  50 000e 0F4A     		ldr	r2, .L2
  51 0010 43F48043 		orr	r3, r3, #16384
  52 0014 5364     		str	r3, [r2, #68]
  53 0016 0D4B     		ldr	r3, .L2
  54 0018 5B6C     		ldr	r3, [r3, #68]
  55 001a 03F48043 		and	r3, r3, #16384
  56 001e 7B60     		str	r3, [r7, #4]
  57 0020 7B68     		ldr	r3, [r7, #4]
  58              	.LBE2:
  59              	.LBB3:
  74:Src/stm32f4xx_hal_msp.c ****   __HAL_RCC_PWR_CLK_ENABLE();
  60              		.loc 1 74 3
  61 0022 0023     		movs	r3, #0
  62 0024 3B60     		str	r3, [r7]
  63 0026 094B     		ldr	r3, .L2
  64 0028 1B6C     		ldr	r3, [r3, #64]
  65 002a 084A     		ldr	r2, .L2
  66 002c 43F08053 		orr	r3, r3, #268435456
  67 0030 1364     		str	r3, [r2, #64]
  68 0032 064B     		ldr	r3, .L2
  69 0034 1B6C     		ldr	r3, [r3, #64]
  70 0036 03F08053 		and	r3, r3, #268435456
  71 003a 3B60     		str	r3, [r7]
  72 003c 3B68     		ldr	r3, [r7]
  73              	.LBE3:
  75:Src/stm32f4xx_hal_msp.c **** 
  76:Src/stm32f4xx_hal_msp.c ****   /* System interrupt init*/
  77:Src/stm32f4xx_hal_msp.c **** 
  78:Src/stm32f4xx_hal_msp.c ****   /* USER CODE BEGIN MspInit 1 */
  79:Src/stm32f4xx_hal_msp.c **** 
  80:Src/stm32f4xx_hal_msp.c ****   /* USER CODE END MspInit 1 */
  81:Src/stm32f4xx_hal_msp.c **** }
  74              		.loc 1 81 1
  75 003e 00BF     		nop
  76 0040 0C37     		adds	r7, r7, #12
  77              	.LCFI3:
  78              		.cfi_def_cfa_offset 4
  79 0042 BD46     		mov	sp, r7
  80              	.LCFI4:
  81              		.cfi_def_cfa_register 13
  82              		@ sp needed
  83 0044 5DF8047B 		ldr	r7, [sp], #4
  84              	.LCFI5:
  85              		.cfi_restore 7
  86              		.cfi_def_cfa_offset 0
  87 0048 7047     		bx	lr
  88              	.L3:
  89 004a 00BF     		.align	2
  90              	.L2:
  91 004c 00380240 		.word	1073887232
ARM GAS  C:\Users\Robert\AppData\Local\Temp\cctXiKkb.s 			page 4


  92              		.cfi_endproc
  93              	.LFE130:
  95              		.section	.text.HAL_UART_MspInit,"ax",%progbits
  96              		.align	1
  97              		.global	HAL_UART_MspInit
  98              		.syntax unified
  99              		.thumb
 100              		.thumb_func
 101              		.fpu fpv4-sp-d16
 103              	HAL_UART_MspInit:
 104              	.LFB131:
  82:Src/stm32f4xx_hal_msp.c **** 
  83:Src/stm32f4xx_hal_msp.c **** /**
  84:Src/stm32f4xx_hal_msp.c **** * @brief UART MSP Initialization
  85:Src/stm32f4xx_hal_msp.c **** * This function configures the hardware resources used in this example
  86:Src/stm32f4xx_hal_msp.c **** * @param huart: UART handle pointer
  87:Src/stm32f4xx_hal_msp.c **** * @retval None
  88:Src/stm32f4xx_hal_msp.c **** */
  89:Src/stm32f4xx_hal_msp.c **** void HAL_UART_MspInit(UART_HandleTypeDef* huart)
  90:Src/stm32f4xx_hal_msp.c **** {
 105              		.loc 1 90 1
 106              		.cfi_startproc
 107              		@ args = 0, pretend = 0, frame = 40
 108              		@ frame_needed = 1, uses_anonymous_args = 0
 109 0000 80B5     		push	{r7, lr}
 110              	.LCFI6:
 111              		.cfi_def_cfa_offset 8
 112              		.cfi_offset 7, -8
 113              		.cfi_offset 14, -4
 114 0002 8AB0     		sub	sp, sp, #40
 115              	.LCFI7:
 116              		.cfi_def_cfa_offset 48
 117 0004 00AF     		add	r7, sp, #0
 118              	.LCFI8:
 119              		.cfi_def_cfa_register 7
 120 0006 7860     		str	r0, [r7, #4]
  91:Src/stm32f4xx_hal_msp.c ****   GPIO_InitTypeDef GPIO_InitStruct = {0};
 121              		.loc 1 91 20
 122 0008 07F11403 		add	r3, r7, #20
 123 000c 0022     		movs	r2, #0
 124 000e 1A60     		str	r2, [r3]
 125 0010 5A60     		str	r2, [r3, #4]
 126 0012 9A60     		str	r2, [r3, #8]
 127 0014 DA60     		str	r2, [r3, #12]
 128 0016 1A61     		str	r2, [r3, #16]
  92:Src/stm32f4xx_hal_msp.c ****   if(huart->Instance==USART1)
 129              		.loc 1 92 11
 130 0018 7B68     		ldr	r3, [r7, #4]
 131 001a 1B68     		ldr	r3, [r3]
 132              		.loc 1 92 5
 133 001c 4C4A     		ldr	r2, .L9
 134 001e 9342     		cmp	r3, r2
 135 0020 40F09180 		bne	.L8
 136              	.LBB4:
  93:Src/stm32f4xx_hal_msp.c ****   {
  94:Src/stm32f4xx_hal_msp.c ****   /* USER CODE BEGIN USART1_MspInit 0 */
  95:Src/stm32f4xx_hal_msp.c **** 
ARM GAS  C:\Users\Robert\AppData\Local\Temp\cctXiKkb.s 			page 5


  96:Src/stm32f4xx_hal_msp.c ****   /* USER CODE END USART1_MspInit 0 */
  97:Src/stm32f4xx_hal_msp.c ****     /* Peripheral clock enable */
  98:Src/stm32f4xx_hal_msp.c ****     __HAL_RCC_USART1_CLK_ENABLE();
 137              		.loc 1 98 5
 138 0024 0023     		movs	r3, #0
 139 0026 3B61     		str	r3, [r7, #16]
 140 0028 4A4B     		ldr	r3, .L9+4
 141 002a 5B6C     		ldr	r3, [r3, #68]
 142 002c 494A     		ldr	r2, .L9+4
 143 002e 43F01003 		orr	r3, r3, #16
 144 0032 5364     		str	r3, [r2, #68]
 145 0034 474B     		ldr	r3, .L9+4
 146 0036 5B6C     		ldr	r3, [r3, #68]
 147 0038 03F01003 		and	r3, r3, #16
 148 003c 3B61     		str	r3, [r7, #16]
 149 003e 3B69     		ldr	r3, [r7, #16]
 150              	.LBE4:
 151              	.LBB5:
  99:Src/stm32f4xx_hal_msp.c ****   
 100:Src/stm32f4xx_hal_msp.c ****     __HAL_RCC_GPIOA_CLK_ENABLE();
 152              		.loc 1 100 5
 153 0040 0023     		movs	r3, #0
 154 0042 FB60     		str	r3, [r7, #12]
 155 0044 434B     		ldr	r3, .L9+4
 156 0046 1B6B     		ldr	r3, [r3, #48]
 157 0048 424A     		ldr	r2, .L9+4
 158 004a 43F00103 		orr	r3, r3, #1
 159 004e 1363     		str	r3, [r2, #48]
 160 0050 404B     		ldr	r3, .L9+4
 161 0052 1B6B     		ldr	r3, [r3, #48]
 162 0054 03F00103 		and	r3, r3, #1
 163 0058 FB60     		str	r3, [r7, #12]
 164 005a FB68     		ldr	r3, [r7, #12]
 165              	.LBE5:
 101:Src/stm32f4xx_hal_msp.c ****     /**USART1 GPIO Configuration    
 102:Src/stm32f4xx_hal_msp.c ****     PA9     ------> USART1_TX
 103:Src/stm32f4xx_hal_msp.c ****     PA10     ------> USART1_RX 
 104:Src/stm32f4xx_hal_msp.c ****     */
 105:Src/stm32f4xx_hal_msp.c ****     GPIO_InitStruct.Pin = GPIO_PIN_9|GPIO_PIN_10;
 166              		.loc 1 105 25
 167 005c 4FF4C063 		mov	r3, #1536
 168 0060 7B61     		str	r3, [r7, #20]
 106:Src/stm32f4xx_hal_msp.c ****     GPIO_InitStruct.Mode = GPIO_MODE_AF_PP;
 169              		.loc 1 106 26
 170 0062 0223     		movs	r3, #2
 171 0064 BB61     		str	r3, [r7, #24]
 107:Src/stm32f4xx_hal_msp.c ****     GPIO_InitStruct.Pull = GPIO_NOPULL;
 172              		.loc 1 107 26
 173 0066 0023     		movs	r3, #0
 174 0068 FB61     		str	r3, [r7, #28]
 108:Src/stm32f4xx_hal_msp.c ****     GPIO_InitStruct.Speed = GPIO_SPEED_FREQ_VERY_HIGH;
 175              		.loc 1 108 27
 176 006a 0323     		movs	r3, #3
 177 006c 3B62     		str	r3, [r7, #32]
 109:Src/stm32f4xx_hal_msp.c ****     GPIO_InitStruct.Alternate = GPIO_AF7_USART1;
 178              		.loc 1 109 31
 179 006e 0723     		movs	r3, #7
ARM GAS  C:\Users\Robert\AppData\Local\Temp\cctXiKkb.s 			page 6


 180 0070 7B62     		str	r3, [r7, #36]
 110:Src/stm32f4xx_hal_msp.c ****     HAL_GPIO_Init(GPIOA, &GPIO_InitStruct);
 181              		.loc 1 110 5
 182 0072 07F11403 		add	r3, r7, #20
 183 0076 1946     		mov	r1, r3
 184 0078 3748     		ldr	r0, .L9+8
 185 007a FFF7FEFF 		bl	HAL_GPIO_Init
 111:Src/stm32f4xx_hal_msp.c **** 
 112:Src/stm32f4xx_hal_msp.c ****     /* USART1 DMA Init */
 113:Src/stm32f4xx_hal_msp.c ****     /* USART1_TX Init */
 114:Src/stm32f4xx_hal_msp.c ****     hdma_usart1_tx.Instance = DMA2_Stream7;
 186              		.loc 1 114 29
 187 007e 374B     		ldr	r3, .L9+12
 188 0080 374A     		ldr	r2, .L9+16
 189 0082 1A60     		str	r2, [r3]
 115:Src/stm32f4xx_hal_msp.c ****     hdma_usart1_tx.Init.Channel = DMA_CHANNEL_4;
 190              		.loc 1 115 33
 191 0084 354B     		ldr	r3, .L9+12
 192 0086 4FF00062 		mov	r2, #134217728
 193 008a 5A60     		str	r2, [r3, #4]
 116:Src/stm32f4xx_hal_msp.c ****     hdma_usart1_tx.Init.Direction = DMA_MEMORY_TO_PERIPH;
 194              		.loc 1 116 35
 195 008c 334B     		ldr	r3, .L9+12
 196 008e 4022     		movs	r2, #64
 197 0090 9A60     		str	r2, [r3, #8]
 117:Src/stm32f4xx_hal_msp.c ****     hdma_usart1_tx.Init.PeriphInc = DMA_PINC_DISABLE;
 198              		.loc 1 117 35
 199 0092 324B     		ldr	r3, .L9+12
 200 0094 0022     		movs	r2, #0
 201 0096 DA60     		str	r2, [r3, #12]
 118:Src/stm32f4xx_hal_msp.c ****     hdma_usart1_tx.Init.MemInc = DMA_MINC_ENABLE;
 202              		.loc 1 118 32
 203 0098 304B     		ldr	r3, .L9+12
 204 009a 4FF48062 		mov	r2, #1024
 205 009e 1A61     		str	r2, [r3, #16]
 119:Src/stm32f4xx_hal_msp.c ****     hdma_usart1_tx.Init.PeriphDataAlignment = DMA_PDATAALIGN_BYTE;
 206              		.loc 1 119 45
 207 00a0 2E4B     		ldr	r3, .L9+12
 208 00a2 0022     		movs	r2, #0
 209 00a4 5A61     		str	r2, [r3, #20]
 120:Src/stm32f4xx_hal_msp.c ****     hdma_usart1_tx.Init.MemDataAlignment = DMA_MDATAALIGN_BYTE;
 210              		.loc 1 120 42
 211 00a6 2D4B     		ldr	r3, .L9+12
 212 00a8 0022     		movs	r2, #0
 213 00aa 9A61     		str	r2, [r3, #24]
 121:Src/stm32f4xx_hal_msp.c ****     hdma_usart1_tx.Init.Mode = DMA_NORMAL;
 214              		.loc 1 121 30
 215 00ac 2B4B     		ldr	r3, .L9+12
 216 00ae 0022     		movs	r2, #0
 217 00b0 DA61     		str	r2, [r3, #28]
 122:Src/stm32f4xx_hal_msp.c ****     hdma_usart1_tx.Init.Priority = DMA_PRIORITY_LOW;
 218              		.loc 1 122 34
 219 00b2 2A4B     		ldr	r3, .L9+12
 220 00b4 0022     		movs	r2, #0
 221 00b6 1A62     		str	r2, [r3, #32]
 123:Src/stm32f4xx_hal_msp.c ****     hdma_usart1_tx.Init.FIFOMode = DMA_FIFOMODE_DISABLE;
 222              		.loc 1 123 34
ARM GAS  C:\Users\Robert\AppData\Local\Temp\cctXiKkb.s 			page 7


 223 00b8 284B     		ldr	r3, .L9+12
 224 00ba 0022     		movs	r2, #0
 225 00bc 5A62     		str	r2, [r3, #36]
 124:Src/stm32f4xx_hal_msp.c ****     if (HAL_DMA_Init(&hdma_usart1_tx) != HAL_OK)
 226              		.loc 1 124 9
 227 00be 2748     		ldr	r0, .L9+12
 228 00c0 FFF7FEFF 		bl	HAL_DMA_Init
 229 00c4 0346     		mov	r3, r0
 230              		.loc 1 124 8
 231 00c6 002B     		cmp	r3, #0
 232 00c8 01D0     		beq	.L6
 125:Src/stm32f4xx_hal_msp.c ****     {
 126:Src/stm32f4xx_hal_msp.c ****       Error_Handler();
 233              		.loc 1 126 7
 234 00ca FFF7FEFF 		bl	Error_Handler
 235              	.L6:
 127:Src/stm32f4xx_hal_msp.c ****     }
 128:Src/stm32f4xx_hal_msp.c **** 
 129:Src/stm32f4xx_hal_msp.c ****     __HAL_LINKDMA(huart,hdmatx,hdma_usart1_tx);
 236              		.loc 1 129 5
 237 00ce 7B68     		ldr	r3, [r7, #4]
 238 00d0 224A     		ldr	r2, .L9+12
 239 00d2 1A63     		str	r2, [r3, #48]
 240 00d4 214A     		ldr	r2, .L9+12
 241 00d6 7B68     		ldr	r3, [r7, #4]
 242 00d8 9363     		str	r3, [r2, #56]
 130:Src/stm32f4xx_hal_msp.c **** 
 131:Src/stm32f4xx_hal_msp.c ****     /* USART1_RX Init */
 132:Src/stm32f4xx_hal_msp.c ****     hdma_usart1_rx.Instance = DMA2_Stream2;
 243              		.loc 1 132 29
 244 00da 224B     		ldr	r3, .L9+20
 245 00dc 224A     		ldr	r2, .L9+24
 246 00de 1A60     		str	r2, [r3]
 133:Src/stm32f4xx_hal_msp.c ****     hdma_usart1_rx.Init.Channel = DMA_CHANNEL_4;
 247              		.loc 1 133 33
 248 00e0 204B     		ldr	r3, .L9+20
 249 00e2 4FF00062 		mov	r2, #134217728
 250 00e6 5A60     		str	r2, [r3, #4]
 134:Src/stm32f4xx_hal_msp.c ****     hdma_usart1_rx.Init.Direction = DMA_PERIPH_TO_MEMORY;
 251              		.loc 1 134 35
 252 00e8 1E4B     		ldr	r3, .L9+20
 253 00ea 0022     		movs	r2, #0
 254 00ec 9A60     		str	r2, [r3, #8]
 135:Src/stm32f4xx_hal_msp.c ****     hdma_usart1_rx.Init.PeriphInc = DMA_PINC_DISABLE;
 255              		.loc 1 135 35
 256 00ee 1D4B     		ldr	r3, .L9+20
 257 00f0 0022     		movs	r2, #0
 258 00f2 DA60     		str	r2, [r3, #12]
 136:Src/stm32f4xx_hal_msp.c ****     hdma_usart1_rx.Init.MemInc = DMA_MINC_ENABLE;
 259              		.loc 1 136 32
 260 00f4 1B4B     		ldr	r3, .L9+20
 261 00f6 4FF48062 		mov	r2, #1024
 262 00fa 1A61     		str	r2, [r3, #16]
 137:Src/stm32f4xx_hal_msp.c ****     hdma_usart1_rx.Init.PeriphDataAlignment = DMA_PDATAALIGN_BYTE;
 263              		.loc 1 137 45
 264 00fc 194B     		ldr	r3, .L9+20
 265 00fe 0022     		movs	r2, #0
ARM GAS  C:\Users\Robert\AppData\Local\Temp\cctXiKkb.s 			page 8


 266 0100 5A61     		str	r2, [r3, #20]
 138:Src/stm32f4xx_hal_msp.c ****     hdma_usart1_rx.Init.MemDataAlignment = DMA_MDATAALIGN_BYTE;
 267              		.loc 1 138 42
 268 0102 184B     		ldr	r3, .L9+20
 269 0104 0022     		movs	r2, #0
 270 0106 9A61     		str	r2, [r3, #24]
 139:Src/stm32f4xx_hal_msp.c ****     hdma_usart1_rx.Init.Mode = DMA_NORMAL;
 271              		.loc 1 139 30
 272 0108 164B     		ldr	r3, .L9+20
 273 010a 0022     		movs	r2, #0
 274 010c DA61     		str	r2, [r3, #28]
 140:Src/stm32f4xx_hal_msp.c ****     hdma_usart1_rx.Init.Priority = DMA_PRIORITY_LOW;
 275              		.loc 1 140 34
 276 010e 154B     		ldr	r3, .L9+20
 277 0110 0022     		movs	r2, #0
 278 0112 1A62     		str	r2, [r3, #32]
 141:Src/stm32f4xx_hal_msp.c ****     hdma_usart1_rx.Init.FIFOMode = DMA_FIFOMODE_DISABLE;
 279              		.loc 1 141 34
 280 0114 134B     		ldr	r3, .L9+20
 281 0116 0022     		movs	r2, #0
 282 0118 5A62     		str	r2, [r3, #36]
 142:Src/stm32f4xx_hal_msp.c ****     if (HAL_DMA_Init(&hdma_usart1_rx) != HAL_OK)
 283              		.loc 1 142 9
 284 011a 1248     		ldr	r0, .L9+20
 285 011c FFF7FEFF 		bl	HAL_DMA_Init
 286 0120 0346     		mov	r3, r0
 287              		.loc 1 142 8
 288 0122 002B     		cmp	r3, #0
 289 0124 01D0     		beq	.L7
 143:Src/stm32f4xx_hal_msp.c ****     {
 144:Src/stm32f4xx_hal_msp.c ****       Error_Handler();
 290              		.loc 1 144 7
 291 0126 FFF7FEFF 		bl	Error_Handler
 292              	.L7:
 145:Src/stm32f4xx_hal_msp.c ****     }
 146:Src/stm32f4xx_hal_msp.c **** 
 147:Src/stm32f4xx_hal_msp.c ****     __HAL_LINKDMA(huart,hdmarx,hdma_usart1_rx);
 293              		.loc 1 147 5
 294 012a 7B68     		ldr	r3, [r7, #4]
 295 012c 0D4A     		ldr	r2, .L9+20
 296 012e 5A63     		str	r2, [r3, #52]
 297 0130 0C4A     		ldr	r2, .L9+20
 298 0132 7B68     		ldr	r3, [r7, #4]
 299 0134 9363     		str	r3, [r2, #56]
 148:Src/stm32f4xx_hal_msp.c **** 
 149:Src/stm32f4xx_hal_msp.c ****     /* USART1 interrupt Init */
 150:Src/stm32f4xx_hal_msp.c ****     HAL_NVIC_SetPriority(USART1_IRQn, 0, 0);
 300              		.loc 1 150 5
 301 0136 0022     		movs	r2, #0
 302 0138 0021     		movs	r1, #0
 303 013a 2520     		movs	r0, #37
 304 013c FFF7FEFF 		bl	HAL_NVIC_SetPriority
 151:Src/stm32f4xx_hal_msp.c ****     HAL_NVIC_EnableIRQ(USART1_IRQn);
 305              		.loc 1 151 5
 306 0140 2520     		movs	r0, #37
 307 0142 FFF7FEFF 		bl	HAL_NVIC_EnableIRQ
 308              	.L8:
ARM GAS  C:\Users\Robert\AppData\Local\Temp\cctXiKkb.s 			page 9


 152:Src/stm32f4xx_hal_msp.c ****   /* USER CODE BEGIN USART1_MspInit 1 */
 153:Src/stm32f4xx_hal_msp.c **** 
 154:Src/stm32f4xx_hal_msp.c ****   /* USER CODE END USART1_MspInit 1 */
 155:Src/stm32f4xx_hal_msp.c ****   }
 156:Src/stm32f4xx_hal_msp.c **** 
 157:Src/stm32f4xx_hal_msp.c **** }
 309              		.loc 1 157 1
 310 0146 00BF     		nop
 311 0148 2837     		adds	r7, r7, #40
 312              	.LCFI9:
 313              		.cfi_def_cfa_offset 8
 314 014a BD46     		mov	sp, r7
 315              	.LCFI10:
 316              		.cfi_def_cfa_register 13
 317              		@ sp needed
 318 014c 80BD     		pop	{r7, pc}
 319              	.L10:
 320 014e 00BF     		.align	2
 321              	.L9:
 322 0150 00100140 		.word	1073811456
 323 0154 00380240 		.word	1073887232
 324 0158 00000240 		.word	1073872896
 325 015c 00000000 		.word	hdma_usart1_tx
 326 0160 B8640240 		.word	1073898680
 327 0164 00000000 		.word	hdma_usart1_rx
 328 0168 40640240 		.word	1073898560
 329              		.cfi_endproc
 330              	.LFE131:
 332              		.section	.text.HAL_UART_MspDeInit,"ax",%progbits
 333              		.align	1
 334              		.global	HAL_UART_MspDeInit
 335              		.syntax unified
 336              		.thumb
 337              		.thumb_func
 338              		.fpu fpv4-sp-d16
 340              	HAL_UART_MspDeInit:
 341              	.LFB132:
 158:Src/stm32f4xx_hal_msp.c **** 
 159:Src/stm32f4xx_hal_msp.c **** /**
 160:Src/stm32f4xx_hal_msp.c **** * @brief UART MSP De-Initialization
 161:Src/stm32f4xx_hal_msp.c **** * This function freeze the hardware resources used in this example
 162:Src/stm32f4xx_hal_msp.c **** * @param huart: UART handle pointer
 163:Src/stm32f4xx_hal_msp.c **** * @retval None
 164:Src/stm32f4xx_hal_msp.c **** */
 165:Src/stm32f4xx_hal_msp.c **** void HAL_UART_MspDeInit(UART_HandleTypeDef* huart)
 166:Src/stm32f4xx_hal_msp.c **** {
 342              		.loc 1 166 1
 343              		.cfi_startproc
 344              		@ args = 0, pretend = 0, frame = 8
 345              		@ frame_needed = 1, uses_anonymous_args = 0
 346 0000 80B5     		push	{r7, lr}
 347              	.LCFI11:
 348              		.cfi_def_cfa_offset 8
 349              		.cfi_offset 7, -8
 350              		.cfi_offset 14, -4
 351 0002 82B0     		sub	sp, sp, #8
 352              	.LCFI12:
ARM GAS  C:\Users\Robert\AppData\Local\Temp\cctXiKkb.s 			page 10


 353              		.cfi_def_cfa_offset 16
 354 0004 00AF     		add	r7, sp, #0
 355              	.LCFI13:
 356              		.cfi_def_cfa_register 7
 357 0006 7860     		str	r0, [r7, #4]
 167:Src/stm32f4xx_hal_msp.c ****   if(huart->Instance==USART1)
 358              		.loc 1 167 11
 359 0008 7B68     		ldr	r3, [r7, #4]
 360 000a 1B68     		ldr	r3, [r3]
 361              		.loc 1 167 5
 362 000c 0F4A     		ldr	r2, .L14
 363 000e 9342     		cmp	r3, r2
 364 0010 17D1     		bne	.L13
 168:Src/stm32f4xx_hal_msp.c ****   {
 169:Src/stm32f4xx_hal_msp.c ****   /* USER CODE BEGIN USART1_MspDeInit 0 */
 170:Src/stm32f4xx_hal_msp.c **** 
 171:Src/stm32f4xx_hal_msp.c ****   /* USER CODE END USART1_MspDeInit 0 */
 172:Src/stm32f4xx_hal_msp.c ****     /* Peripheral clock disable */
 173:Src/stm32f4xx_hal_msp.c ****     __HAL_RCC_USART1_CLK_DISABLE();
 365              		.loc 1 173 5
 366 0012 0F4B     		ldr	r3, .L14+4
 367 0014 5B6C     		ldr	r3, [r3, #68]
 368 0016 0E4A     		ldr	r2, .L14+4
 369 0018 23F01003 		bic	r3, r3, #16
 370 001c 5364     		str	r3, [r2, #68]
 174:Src/stm32f4xx_hal_msp.c ****   
 175:Src/stm32f4xx_hal_msp.c ****     /**USART1 GPIO Configuration    
 176:Src/stm32f4xx_hal_msp.c ****     PA9     ------> USART1_TX
 177:Src/stm32f4xx_hal_msp.c ****     PA10     ------> USART1_RX 
 178:Src/stm32f4xx_hal_msp.c ****     */
 179:Src/stm32f4xx_hal_msp.c ****     HAL_GPIO_DeInit(GPIOA, GPIO_PIN_9|GPIO_PIN_10);
 371              		.loc 1 179 5
 372 001e 4FF4C061 		mov	r1, #1536
 373 0022 0C48     		ldr	r0, .L14+8
 374 0024 FFF7FEFF 		bl	HAL_GPIO_DeInit
 180:Src/stm32f4xx_hal_msp.c **** 
 181:Src/stm32f4xx_hal_msp.c ****     /* USART1 DMA DeInit */
 182:Src/stm32f4xx_hal_msp.c ****     HAL_DMA_DeInit(huart->hdmatx);
 375              		.loc 1 182 5
 376 0028 7B68     		ldr	r3, [r7, #4]
 377 002a 1B6B     		ldr	r3, [r3, #48]
 378 002c 1846     		mov	r0, r3
 379 002e FFF7FEFF 		bl	HAL_DMA_DeInit
 183:Src/stm32f4xx_hal_msp.c ****     HAL_DMA_DeInit(huart->hdmarx);
 380              		.loc 1 183 5
 381 0032 7B68     		ldr	r3, [r7, #4]
 382 0034 5B6B     		ldr	r3, [r3, #52]
 383 0036 1846     		mov	r0, r3
 384 0038 FFF7FEFF 		bl	HAL_DMA_DeInit
 184:Src/stm32f4xx_hal_msp.c **** 
 185:Src/stm32f4xx_hal_msp.c ****     /* USART1 interrupt DeInit */
 186:Src/stm32f4xx_hal_msp.c ****     HAL_NVIC_DisableIRQ(USART1_IRQn);
 385              		.loc 1 186 5
 386 003c 2520     		movs	r0, #37
 387 003e FFF7FEFF 		bl	HAL_NVIC_DisableIRQ
 388              	.L13:
 187:Src/stm32f4xx_hal_msp.c ****   /* USER CODE BEGIN USART1_MspDeInit 1 */
ARM GAS  C:\Users\Robert\AppData\Local\Temp\cctXiKkb.s 			page 11


 188:Src/stm32f4xx_hal_msp.c **** 
 189:Src/stm32f4xx_hal_msp.c ****   /* USER CODE END USART1_MspDeInit 1 */
 190:Src/stm32f4xx_hal_msp.c ****   }
 191:Src/stm32f4xx_hal_msp.c **** 
 192:Src/stm32f4xx_hal_msp.c **** }
 389              		.loc 1 192 1
 390 0042 00BF     		nop
 391 0044 0837     		adds	r7, r7, #8
 392              	.LCFI14:
 393              		.cfi_def_cfa_offset 8
 394 0046 BD46     		mov	sp, r7
 395              	.LCFI15:
 396              		.cfi_def_cfa_register 13
 397              		@ sp needed
 398 0048 80BD     		pop	{r7, pc}
 399              	.L15:
 400 004a 00BF     		.align	2
 401              	.L14:
 402 004c 00100140 		.word	1073811456
 403 0050 00380240 		.word	1073887232
 404 0054 00000240 		.word	1073872896
 405              		.cfi_endproc
 406              	.LFE132:
 408              		.text
 409              	.Letext0:
 410              		.file 2 "c:\\program files (x86)\\gnu tools arm embedded\\9 2019-q4-major\\arm-none-eabi\\include\
 411              		.file 3 "c:\\program files (x86)\\gnu tools arm embedded\\9 2019-q4-major\\arm-none-eabi\\include\
 412              		.file 4 "Drivers/CMSIS/Include/core_cm4.h"
 413              		.file 5 "Drivers/CMSIS/Device/ST/STM32F4xx/Include/system_stm32f4xx.h"
 414              		.file 6 "Drivers/CMSIS/Device/ST/STM32F4xx/Include/stm32f407xx.h"
 415              		.file 7 "Drivers/STM32F4xx_HAL_Driver/Inc/stm32f4xx_hal_def.h"
 416              		.file 8 "Drivers/STM32F4xx_HAL_Driver/Inc/stm32f4xx_hal_gpio.h"
 417              		.file 9 "Drivers/STM32F4xx_HAL_Driver/Inc/stm32f4xx_hal_dma.h"
 418              		.file 10 "Drivers/STM32F4xx_HAL_Driver/Inc/stm32f4xx_hal_uart.h"
 419              		.file 11 "Drivers/STM32F4xx_HAL_Driver/Inc/stm32f4xx_hal.h"
ARM GAS  C:\Users\Robert\AppData\Local\Temp\cctXiKkb.s 			page 12


DEFINED SYMBOLS
                            *ABS*:00000000 stm32f4xx_hal_msp.c
C:\Users\Robert\AppData\Local\Temp\cctXiKkb.s:18     .text.HAL_MspInit:00000000 $t
C:\Users\Robert\AppData\Local\Temp\cctXiKkb.s:26     .text.HAL_MspInit:00000000 HAL_MspInit
C:\Users\Robert\AppData\Local\Temp\cctXiKkb.s:91     .text.HAL_MspInit:0000004c $d
C:\Users\Robert\AppData\Local\Temp\cctXiKkb.s:96     .text.HAL_UART_MspInit:00000000 $t
C:\Users\Robert\AppData\Local\Temp\cctXiKkb.s:103    .text.HAL_UART_MspInit:00000000 HAL_UART_MspInit
C:\Users\Robert\AppData\Local\Temp\cctXiKkb.s:322    .text.HAL_UART_MspInit:00000150 $d
C:\Users\Robert\AppData\Local\Temp\cctXiKkb.s:333    .text.HAL_UART_MspDeInit:00000000 $t
C:\Users\Robert\AppData\Local\Temp\cctXiKkb.s:340    .text.HAL_UART_MspDeInit:00000000 HAL_UART_MspDeInit
C:\Users\Robert\AppData\Local\Temp\cctXiKkb.s:402    .text.HAL_UART_MspDeInit:0000004c $d

UNDEFINED SYMBOLS
HAL_GPIO_Init
HAL_DMA_Init
Error_Handler
HAL_NVIC_SetPriority
HAL_NVIC_EnableIRQ
hdma_usart1_tx
hdma_usart1_rx
HAL_GPIO_DeInit
HAL_DMA_DeInit
HAL_NVIC_DisableIRQ
